<?xml version="1.0" encoding="UTF-8"?>
<coverage generated="1607248956028" clover="3.2.0">
  <project timestamp="1607248956028" name="All files">
    <metrics statements="20" coveredstatements="20" conditionals="0" coveredconditionals="0" methods="8" coveredmethods="8" elements="28" coveredelements="28" complexity="0" loc="20" ncloc="20" packages="1" files="3" classes="3"/>
    <file name="task1.js" path="E:\horondi\home-tasks-softserve\test-tasks\js\task1.js">
      <metrics statements="3" coveredstatements="3" conditionals="0" coveredconditionals="0" methods="1" coveredmethods="1"/>
      <line num="1" count="1" type="stmt"/>
      <line num="2" count="13" type="stmt"/>
      <line num="5" count="1" type="stmt"/>
    </file>
    <file name="task2.js" path="E:\horondi\home-tasks-softserve\test-tasks\js\task2.js">
      <metrics statements="10" coveredstatements="10" conditionals="0" coveredconditionals="0" methods="5" coveredmethods="5"/>
      <line num="1" count="1" type="stmt"/>
      <line num="2" count="4" type="stmt"/>
      <line num="3" count="4" type="stmt"/>
      <line num="4" count="399960" type="stmt"/>
      <line num="6" count="4" type="stmt"/>
      <line num="8" count="399960" type="stmt"/>
      <line num="11" count="1955520" type="stmt"/>
      <line num="12" count="1555560" type="stmt"/>
      <line num="14" count="399960" type="stmt"/>
      <line num="17" count="1" type="stmt"/>
    </file>
    <file name="task3.js" path="E:\horondi\home-tasks-softserve\test-tasks\js\task3.js">
      <metrics statements="7" coveredstatements="7" conditionals="0" coveredconditionals="0" methods="2" coveredmethods="2"/>
      <line num="1" count="1" type="stmt"/>
      <line num="2" count="27" type="stmt"/>
      <line num="3" count="27" type="stmt"/>
      <line num="4" count="10000" type="stmt"/>
      <line num="7" count="27" type="stmt"/>
      <line num="9" count="10000" type="stmt"/>
      <line num="14" count="1" type="stmt"/>
    </file>
  </project>
</coverage>
