{"E:\\horondi\\home-tasks-softserve\\test-tasks\\js\\task1.js": {"path":"E:\\horondi\\home-tasks-softserve\\test-tasks\\js\\task1.js","statementMap":{"0":{"start":{"line":1,"column":28},"end":{"line":3,"column":1}},"1":{"start":{"line":2,"column":2},"end":{"line":2,"column":44}},"2":{"start":{"line":5,"column":0},"end":{"line":5,"column":36}}},"fnMap":{"0":{"name":"(anonymous_0)","decl":{"start":{"line":1,"column":28},"end":{"line":1,"column":29}},"loc":{"start":{"line":1,"column":40},"end":{"line":3,"column":1}},"line":1}},"branchMap":{},"s":{"0":1,"1":13,"2":1},"f":{"0":13},"b":{},"_coverageSchema":"1a1c01bbd47fc00a2c39e90264f33305004495a9","hash":"e452fea100a695f13100b95fefccb4b3ed798316"}
,"E:\\horondi\\home-tasks-softserve\\test-tasks\\js\\task2.js": {"path":"E:\\horondi\\home-tasks-softserve\\test-tasks\\js\\task2.js","statementMap":{"0":{"start":{"line":1,"column":28},"end":{"line":15,"column":1}},"1":{"start":{"line":2,"column":14},"end":{"line":2,"column":16}},"2":{"start":{"line":3,"column":2},"end":{"line":5,"column":3}},"3":{"start":{"line":3,"column":15},"end":{"line":3,"column":17}},"4":{"start":{"line":4,"column":4},"end":{"line":4,"column":16}},"5":{"start":{"line":6,"column":2},"end":{"line":14,"column":38}},"6":{"start":{"line":8,"column":6},"end":{"line":12,"column":33}},"7":{"start":{"line":11,"column":29},"end":{"line":11,"column":53}},"8":{"start":{"line":12,"column":26},"end":{"line":12,"column":31}},"9":{"start":{"line":14,"column":23},"end":{"line":14,"column":36}},"10":{"start":{"line":17,"column":0},"end":{"line":17,"column":37}}},"fnMap":{"0":{"name":"(anonymous_0)","decl":{"start":{"line":1,"column":28},"end":{"line":1,"column":29}},"loc":{"start":{"line":1,"column":34},"end":{"line":15,"column":1}},"line":1},"1":{"name":"(anonymous_1)","decl":{"start":{"line":7,"column":9},"end":{"line":7,"column":10}},"loc":{"start":{"line":7,"column":18},"end":{"line":13,"column":5}},"line":7},"2":{"name":"(anonymous_2)","decl":{"start":{"line":11,"column":13},"end":{"line":11,"column":14}},"loc":{"start":{"line":11,"column":29},"end":{"line":11,"column":53}},"line":11},"3":{"name":"(anonymous_3)","decl":{"start":{"line":12,"column":16},"end":{"line":12,"column":17}},"loc":{"start":{"line":12,"column":26},"end":{"line":12,"column":31}},"line":12},"4":{"name":"(anonymous_4)","decl":{"start":{"line":14,"column":12},"end":{"line":14,"column":13}},"loc":{"start":{"line":14,"column":23},"end":{"line":14,"column":36}},"line":14}},"branchMap":{},"s":{"0":1,"1":4,"2":4,"3":4,"4":399960,"5":4,"6":399960,"7":1955520,"8":1555560,"9":399960,"10":1},"f":{"0":4,"1":399960,"2":1955520,"3":1555560,"4":399960},"b":{},"_coverageSchema":"1a1c01bbd47fc00a2c39e90264f33305004495a9","hash":"ed43195198d0395583146f7d7bfbe51e3172c219"}
,"E:\\horondi\\home-tasks-softserve\\test-tasks\\js\\task3.js": {"path":"E:\\horondi\\home-tasks-softserve\\test-tasks\\js\\task3.js","statementMap":{"0":{"start":{"line":1,"column":23},"end":{"line":12,"column":1}},"1":{"start":{"line":2,"column":18},"end":{"line":2,"column":20}},"2":{"start":{"line":3,"column":2},"end":{"line":5,"column":3}},"3":{"start":{"line":3,"column":15},"end":{"line":3,"column":16}},"4":{"start":{"line":4,"column":4},"end":{"line":4,"column":23}},"5":{"start":{"line":7,"column":2},"end":{"line":11,"column":4}},"6":{"start":{"line":9,"column":6},"end":{"line":10,"column":57}},"7":{"start":{"line":14,"column":0},"end":{"line":14,"column":31}}},"fnMap":{"0":{"name":"(anonymous_0)","decl":{"start":{"line":1,"column":23},"end":{"line":1,"column":24}},"loc":{"start":{"line":1,"column":34},"end":{"line":12,"column":1}},"line":1},"1":{"name":"(anonymous_1)","decl":{"start":{"line":8,"column":4},"end":{"line":8,"column":5}},"loc":{"start":{"line":9,"column":6},"end":{"line":10,"column":57}},"line":9}},"branchMap":{},"s":{"0":1,"1":27,"2":27,"3":27,"4":10000,"5":27,"6":10000,"7":1},"f":{"0":27,"1":10000},"b":{},"_coverageSchema":"1a1c01bbd47fc00a2c39e90264f33305004495a9","hash":"69298a41c0078079083a3bcd56f9e159dddf4e3f"}
}
