TN:
SF:js\task1.js
FN:1,(anonymous_0)
FNF:1
FNH:1
FNDA:13,(anonymous_0)
DA:1,1
DA:2,13
DA:5,1
LF:3
LH:3
BRF:0
BRH:0
end_of_record
TN:
SF:js\task2.js
FN:1,(anonymous_0)
FN:7,(anonymous_1)
FN:11,(anonymous_2)
FN:12,(anonymous_3)
FN:14,(anonymous_4)
FNF:5
FNH:5
FNDA:4,(anonymous_0)
FNDA:399960,(anonymous_1)
FNDA:1955520,(anonymous_2)
FNDA:1555560,(anonymous_3)
FNDA:399960,(anonymous_4)
DA:1,1
DA:2,4
DA:3,4
DA:4,399960
DA:6,4
DA:8,399960
DA:11,1955520
DA:12,1555560
DA:14,399960
DA:17,1
LF:10
LH:10
BRF:0
BRH:0
end_of_record
TN:
SF:js\task3.js
FN:1,(anonymous_0)
FN:8,(anonymous_1)
FNF:2
FNH:2
FNDA:27,(anonymous_0)
FNDA:10000,(anonymous_1)
DA:1,1
DA:2,27
DA:3,27
DA:4,10000
DA:7,27
DA:9,10000
DA:14,1
LF:7
LH:7
BRF:0
BRH:0
end_of_record
